<?xml version="1.0" encoding="UTF-8"?>
<!-- Generated by org.testng.reporters.JUnitReportReporter -->
<testsuite hostname="DESKTOP-8OMHQOE" failures="0" tests="1" name="com.webservices.automation.GetData" time="25.944" errors="0" timestamp="2020-09-29T12:31:37 IST" skipped="0">
  <testcase classname="com.webservices.automation.GetData" name="validateShipIDfromallShips" time="25.944"/>
  <system-out/>
</testsuite> <!-- com.webservices.automation.GetData -->
